mode: atomic
github.com/lovung/decimal/compare.go:7.46,11.27 3 7
github.com/lovung/decimal/compare.go:15.2,15.29 1 3
github.com/lovung/decimal/compare.go:11.27,14.3 2 4
github.com/lovung/decimal/compare.go:18.55,20.19 2 7
github.com/lovung/decimal/compare.go:23.2,23.49 1 3
github.com/lovung/decimal/compare.go:26.2,26.25 1 1
github.com/lovung/decimal/compare.go:29.2,29.26 1 1
github.com/lovung/decimal/compare.go:32.2,32.93 1 1
github.com/lovung/decimal/compare.go:20.19,22.3 1 4
github.com/lovung/decimal/compare.go:23.49,25.3 1 2
github.com/lovung/decimal/compare.go:26.25,28.3 1 0
github.com/lovung/decimal/compare.go:29.26,31.3 1 0
github.com/lovung/decimal/decimal.go:39.37,47.2 2 0
github.com/lovung/decimal/decimal.go:53.57,58.2 1 0
github.com/lovung/decimal/decimal.go:60.53,64.2 1 0
github.com/lovung/decimal/decimal.go:66.49,70.2 1 0
github.com/lovung/decimal/decimal.go:72.70,77.2 1 0
github.com/lovung/decimal/decimal.go:98.64,101.2 1 0
github.com/lovung/decimal/decimal.go:103.43,104.21 1 44
github.com/lovung/decimal/decimal.go:104.21,106.3 1 11
github.com/lovung/decimal/decimal.go:109.67,110.25 1 0
github.com/lovung/decimal/decimal.go:113.2,117.17 5 0
github.com/lovung/decimal/decimal.go:110.25,112.3 1 0
github.com/lovung/decimal/decimal.go:120.34,121.35 1 11
github.com/lovung/decimal/decimal.go:121.35,124.3 2 6
github.com/lovung/decimal/decimal.go:130.54,135.23 4 11
github.com/lovung/decimal/decimal.go:145.2,148.19 4 8
github.com/lovung/decimal/decimal.go:163.2,164.15 2 8
github.com/lovung/decimal/decimal.go:135.23,144.3 3 3
github.com/lovung/decimal/decimal.go:148.19,157.3 5 3
github.com/lovung/decimal/decimal.go:157.8,162.3 4 5
github.com/lovung/decimal/decimal.go:168.73,172.26 3 4
github.com/lovung/decimal/decimal.go:176.2,177.27 2 4
github.com/lovung/decimal/decimal.go:180.2,180.34 1 2
github.com/lovung/decimal/decimal.go:172.26,174.3 1 0
github.com/lovung/decimal/decimal.go:177.27,179.3 1 2
github.com/lovung/decimal/int32.go:3.33,4.12 1 0
github.com/lovung/decimal/int32.go:7.2,7.10 1 0
github.com/lovung/decimal/int32.go:4.12,6.3 1 0
github.com/lovung/decimal/int32.go:10.33,11.12 1 4
github.com/lovung/decimal/int32.go:14.2,14.10 1 2
github.com/lovung/decimal/int32.go:11.12,13.3 1 2
github.com/lovung/decimal/int64.go:7.31,8.14 1 1
github.com/lovung/decimal/int64.go:11.2,11.13 1 0
github.com/lovung/decimal/int64.go:14.2,14.10 1 0
github.com/lovung/decimal/int64.go:8.14,10.3 1 1
github.com/lovung/decimal/int64.go:11.13,13.3 1 0
github.com/lovung/decimal/int64.go:17.32,18.13 1 0
github.com/lovung/decimal/int64.go:21.2,21.12 1 0
github.com/lovung/decimal/int64.go:18.13,20.3 1 0
github.com/lovung/decimal/uint64.go:5.37,7.2 1 5
github.com/lovung/decimal/uint64.go:9.58,10.24 1 3
github.com/lovung/decimal/uint64.go:13.2,14.51 2 3
github.com/lovung/decimal/uint64.go:10.24,11.28 1 0
github.com/lovung/decimal/uint64.go:20.39,21.13 1 3
github.com/lovung/decimal/uint64.go:29.2,29.10 1 3
github.com/lovung/decimal/uint64.go:21.13,22.12 1 6
github.com/lovung/decimal/uint64.go:22.12,24.4 1 0
github.com/lovung/decimal/uint64.go:24.9,26.4 1 6
github.com/lovung/decimal/uint64.go:33.48,34.12 1 0
github.com/lovung/decimal/uint64.go:37.2,37.38 1 0
github.com/lovung/decimal/uint64.go:34.12,36.3 1 0
github.com/lovung/decimal/uint64.go:41.39,42.13 1 0
github.com/lovung/decimal/uint64.go:46.2,46.10 1 0
github.com/lovung/decimal/uint64.go:42.13,44.3 1 0
github.com/lovung/decimal/num/decimal.go:74.49,79.2 1 12334675
github.com/lovung/decimal/num/decimal.go:87.45,92.2 1 7
github.com/lovung/decimal/num/decimal.go:100.47,105.2 1 7
github.com/lovung/decimal/num/decimal.go:108.62,113.2 1 7
github.com/lovung/decimal/num/decimal.go:124.58,131.18 5 1408
github.com/lovung/decimal/num/decimal.go:143.2,144.21 2 1389
github.com/lovung/decimal/num/decimal.go:156.2,158.9 3 1383
github.com/lovung/decimal/num/decimal.go:162.2,162.48 1 1367
github.com/lovung/decimal/num/decimal.go:167.2,170.8 1 1366
github.com/lovung/decimal/num/decimal.go:131.18,133.17 2 53
github.com/lovung/decimal/num/decimal.go:139.3,140.15 2 34
github.com/lovung/decimal/num/decimal.go:133.17,134.73 1 19
github.com/lovung/decimal/num/decimal.go:137.4,137.95 1 18
github.com/lovung/decimal/num/decimal.go:134.73,136.5 1 1
github.com/lovung/decimal/num/decimal.go:144.21,148.3 1 752
github.com/lovung/decimal/num/decimal.go:148.8,148.28 1 637
github.com/lovung/decimal/num/decimal.go:148.28,152.3 3 631
github.com/lovung/decimal/num/decimal.go:152.8,154.3 1 6
github.com/lovung/decimal/num/decimal.go:158.9,160.3 1 16
github.com/lovung/decimal/num/decimal.go:162.48,165.3 1 1
github.com/lovung/decimal/num/decimal.go:188.94,191.16 3 6
github.com/lovung/decimal/num/decimal.go:194.2,194.15 1 6
github.com/lovung/decimal/num/decimal.go:191.16,193.3 1 0
github.com/lovung/decimal/num/decimal.go:205.46,207.16 2 2
github.com/lovung/decimal/num/decimal.go:210.2,210.12 1 1
github.com/lovung/decimal/num/decimal.go:207.16,208.13 1 1
github.com/lovung/decimal/num/decimal.go:223.49,224.16 1 821
github.com/lovung/decimal/num/decimal.go:227.2,227.67 1 744
github.com/lovung/decimal/num/decimal.go:224.16,226.3 1 77
github.com/lovung/decimal/num/decimal.go:240.51,241.16 1 112
github.com/lovung/decimal/num/decimal.go:245.2,246.73 2 112
github.com/lovung/decimal/num/decimal.go:241.16,243.3 1 0
github.com/lovung/decimal/num/decimal.go:249.69,250.43 1 856
github.com/lovung/decimal/num/decimal.go:253.2,256.13 3 853
github.com/lovung/decimal/num/decimal.go:265.2,274.15 7 853
github.com/lovung/decimal/num/decimal.go:286.2,288.8 3 0
github.com/lovung/decimal/num/decimal.go:292.2,292.70 1 0
github.com/lovung/decimal/num/decimal.go:250.43,251.61 1 3
github.com/lovung/decimal/num/decimal.go:257.9,259.8 1 8
github.com/lovung/decimal/num/decimal.go:261.10,263.36 1 845
github.com/lovung/decimal/num/decimal.go:274.15,277.34 3 853
github.com/lovung/decimal/num/decimal.go:281.3,281.12 1 853
github.com/lovung/decimal/num/decimal.go:284.3,284.73 1 853
github.com/lovung/decimal/num/decimal.go:277.34,280.4 2 9086
github.com/lovung/decimal/num/decimal.go:281.12,283.4 1 302
github.com/lovung/decimal/num/decimal.go:288.8,290.3 1 0
github.com/lovung/decimal/num/decimal.go:302.72,303.47 1 54
github.com/lovung/decimal/num/decimal.go:307.2,312.15 5 51
github.com/lovung/decimal/num/decimal.go:324.2,327.18 2 50
github.com/lovung/decimal/num/decimal.go:333.2,333.27 1 50
github.com/lovung/decimal/num/decimal.go:342.2,348.13 4 50
github.com/lovung/decimal/num/decimal.go:359.2,359.14 1 50
github.com/lovung/decimal/num/decimal.go:366.2,366.25 1 50
github.com/lovung/decimal/num/decimal.go:372.2,372.15 1 50
github.com/lovung/decimal/num/decimal.go:376.2,379.3 1 50
github.com/lovung/decimal/num/decimal.go:303.47,304.63 1 3
github.com/lovung/decimal/num/decimal.go:312.15,314.16 1 9
github.com/lovung/decimal/num/decimal.go:318.3,318.9 1 8
github.com/lovung/decimal/num/decimal.go:314.16,316.4 1 1
github.com/lovung/decimal/num/decimal.go:319.8,322.3 1 42
github.com/lovung/decimal/num/decimal.go:327.18,330.3 2 966
github.com/lovung/decimal/num/decimal.go:333.27,334.15 1 6
github.com/lovung/decimal/num/decimal.go:334.15,336.4 1 2
github.com/lovung/decimal/num/decimal.go:336.9,338.4 1 4
github.com/lovung/decimal/num/decimal.go:348.13,351.3 2 12
github.com/lovung/decimal/num/decimal.go:351.8,351.20 1 38
github.com/lovung/decimal/num/decimal.go:351.20,356.3 4 20
github.com/lovung/decimal/num/decimal.go:359.14,361.3 1 10
github.com/lovung/decimal/num/decimal.go:361.8,361.21 1 40
github.com/lovung/decimal/num/decimal.go:361.21,363.3 1 36
github.com/lovung/decimal/num/decimal.go:366.25,370.3 3 40
github.com/lovung/decimal/num/decimal.go:372.15,374.3 1 25
github.com/lovung/decimal/num/decimal.go:402.45,405.18 2 3612790
github.com/lovung/decimal/num/decimal.go:413.2,414.17 2 3612273
github.com/lovung/decimal/num/decimal.go:422.2,425.3 1 3612273
github.com/lovung/decimal/num/decimal.go:405.18,410.3 1 517
github.com/lovung/decimal/num/decimal.go:414.17,417.3 2 206
github.com/lovung/decimal/num/decimal.go:417.8,417.24 1 3612067
github.com/lovung/decimal/num/decimal.go:417.24,420.3 2 3612067
github.com/lovung/decimal/num/decimal.go:429.32,436.2 3 6783097
github.com/lovung/decimal/num/decimal.go:439.42,447.2 3 1024457
github.com/lovung/decimal/num/decimal.go:450.42,458.2 3 1024399
github.com/lovung/decimal/num/decimal.go:461.32,468.2 3 34
github.com/lovung/decimal/num/decimal.go:471.42,476.58 4 9988338
github.com/lovung/decimal/num/decimal.go:482.2,486.3 2 9988336
github.com/lovung/decimal/num/decimal.go:476.58,479.66 1 2
github.com/lovung/decimal/num/decimal.go:493.45,499.2 2 8
github.com/lovung/decimal/num/decimal.go:503.42,505.2 1 109
github.com/lovung/decimal/num/decimal.go:513.73,516.26 3 1938079
github.com/lovung/decimal/num/decimal.go:519.2,521.44 3 1938079
github.com/lovung/decimal/num/decimal.go:524.2,528.11 3 1938079
github.com/lovung/decimal/num/decimal.go:545.2,549.15 5 1938079
github.com/lovung/decimal/num/decimal.go:516.26,517.33 1 0
github.com/lovung/decimal/num/decimal.go:521.44,522.38 1 0
github.com/lovung/decimal/num/decimal.go:528.11,536.3 5 902721
github.com/lovung/decimal/num/decimal.go:536.8,544.3 5 1035358
github.com/lovung/decimal/num/decimal.go:557.64,570.11 7 969098
github.com/lovung/decimal/num/decimal.go:574.2,574.40 1 110381
github.com/lovung/decimal/num/decimal.go:578.2,578.41 1 55194
github.com/lovung/decimal/num/decimal.go:570.11,572.3 1 858717
github.com/lovung/decimal/num/decimal.go:574.40,576.3 1 55187
github.com/lovung/decimal/num/decimal.go:582.42,585.2 2 8
github.com/lovung/decimal/num/decimal.go:588.42,590.23 2 6
github.com/lovung/decimal/num/decimal.go:593.2,594.25 2 4
github.com/lovung/decimal/num/decimal.go:597.2,597.22 1 2
github.com/lovung/decimal/num/decimal.go:600.2,600.30 1 1
github.com/lovung/decimal/num/decimal.go:590.23,592.3 1 2
github.com/lovung/decimal/num/decimal.go:594.25,596.3 1 2
github.com/lovung/decimal/num/decimal.go:597.22,599.3 1 1
github.com/lovung/decimal/num/decimal.go:604.35,606.16 1 12
github.com/lovung/decimal/num/decimal.go:611.2,613.34 3 11
github.com/lovung/decimal/num/decimal.go:619.2,619.13 1 6
github.com/lovung/decimal/num/decimal.go:606.16,608.3 1 1
github.com/lovung/decimal/num/decimal.go:613.34,615.26 2 63
github.com/lovung/decimal/num/decimal.go:615.26,617.4 1 5
github.com/lovung/decimal/num/decimal.go:623.25,624.11 1 11
github.com/lovung/decimal/num/decimal.go:627.2,627.10 1 0
github.com/lovung/decimal/num/decimal.go:624.11,626.3 1 11
github.com/lovung/decimal/num/decimal.go:636.38,640.21 3 5814990
github.com/lovung/decimal/num/decimal.go:644.2,646.32 2 2257316
github.com/lovung/decimal/num/decimal.go:640.21,642.3 1 3557674
github.com/lovung/decimal/num/decimal.go:650.41,652.2 1 1938749
github.com/lovung/decimal/num/decimal.go:655.42,657.2 1 74
github.com/lovung/decimal/num/decimal.go:660.47,662.2 1 24
github.com/lovung/decimal/num/decimal.go:665.54,668.2 2 3
github.com/lovung/decimal/num/decimal.go:671.44,673.2 1 27
github.com/lovung/decimal/num/decimal.go:676.51,679.2 2 11
github.com/lovung/decimal/num/decimal.go:687.29,688.20 1 4
github.com/lovung/decimal/num/decimal.go:691.2,691.23 1 3
github.com/lovung/decimal/num/decimal.go:688.20,690.3 1 1
github.com/lovung/decimal/num/decimal.go:699.36,701.2 1 0
github.com/lovung/decimal/num/decimal.go:708.36,710.2 1 0
github.com/lovung/decimal/num/decimal.go:717.32,719.2 1 0
github.com/lovung/decimal/num/decimal.go:722.35,724.2 1 2
github.com/lovung/decimal/num/decimal.go:727.41,732.2 2 1
github.com/lovung/decimal/num/decimal.go:735.34,738.2 2 43
github.com/lovung/decimal/num/decimal.go:741.36,746.2 4 7
github.com/lovung/decimal/num/decimal.go:750.40,754.2 3 10
github.com/lovung/decimal/num/decimal.go:757.33,759.16 2 89
github.com/lovung/decimal/num/decimal.go:765.2,767.42 3 0
github.com/lovung/decimal/num/decimal.go:759.16,763.3 2 89
github.com/lovung/decimal/num/decimal.go:773.52,775.2 1 87
github.com/lovung/decimal/num/decimal.go:789.34,791.2 1 979
github.com/lovung/decimal/num/decimal.go:806.51,809.2 2 64
github.com/lovung/decimal/num/decimal.go:824.55,827.2 2 62
github.com/lovung/decimal/num/decimal.go:831.57,834.2 2 0
github.com/lovung/decimal/num/decimal.go:844.46,849.26 2 274
github.com/lovung/decimal/num/decimal.go:856.2,858.49 3 274
github.com/lovung/decimal/num/decimal.go:862.2,862.12 1 274
github.com/lovung/decimal/num/decimal.go:849.26,851.3 1 90
github.com/lovung/decimal/num/decimal.go:851.8,853.3 1 184
github.com/lovung/decimal/num/decimal.go:858.49,860.3 1 56
github.com/lovung/decimal/num/decimal.go:880.50,886.57 4 126
github.com/lovung/decimal/num/decimal.go:894.2,894.14 1 126
github.com/lovung/decimal/num/decimal.go:886.57,887.29 1 18
github.com/lovung/decimal/num/decimal.go:887.29,889.4 1 8
github.com/lovung/decimal/num/decimal.go:889.9,891.4 1 10
github.com/lovung/decimal/num/decimal.go:907.52,909.18 2 32
github.com/lovung/decimal/num/decimal.go:923.2,928.51 2 31
github.com/lovung/decimal/num/decimal.go:910.9,911.19 1 8
github.com/lovung/decimal/num/decimal.go:912.10,913.16 1 6
github.com/lovung/decimal/num/decimal.go:914.10,915.17 1 5
github.com/lovung/decimal/num/decimal.go:916.10,917.16 1 6
github.com/lovung/decimal/num/decimal.go:918.11,919.16 1 6
github.com/lovung/decimal/num/decimal.go:920.10,921.123 1 1
github.com/lovung/decimal/num/decimal.go:932.34,935.16 2 27
github.com/lovung/decimal/num/decimal.go:939.2,945.34 4 19
github.com/lovung/decimal/num/decimal.go:935.16,937.3 1 8
github.com/lovung/decimal/num/decimal.go:949.33,952.16 2 27
github.com/lovung/decimal/num/decimal.go:956.2,962.25 4 19
github.com/lovung/decimal/num/decimal.go:965.2,965.34 1 18
github.com/lovung/decimal/num/decimal.go:952.16,954.3 1 8
github.com/lovung/decimal/num/decimal.go:962.25,964.3 1 16
github.com/lovung/decimal/num/decimal.go:976.52,978.42 2 969021
github.com/lovung/decimal/num/decimal.go:981.2,981.10 1 968982
github.com/lovung/decimal/num/decimal.go:978.42,980.3 1 39
github.com/lovung/decimal/num/decimal.go:985.60,986.36 1 143
github.com/lovung/decimal/num/decimal.go:990.2,991.16 2 142
github.com/lovung/decimal/num/decimal.go:995.2,997.16 3 142
github.com/lovung/decimal/num/decimal.go:1000.2,1000.12 1 138
github.com/lovung/decimal/num/decimal.go:986.36,988.3 1 1
github.com/lovung/decimal/num/decimal.go:991.16,993.3 1 0
github.com/lovung/decimal/num/decimal.go:997.16,999.3 1 4
github.com/lovung/decimal/num/decimal.go:1004.48,1006.30 2 276
github.com/lovung/decimal/num/decimal.go:1011.2,1011.25 1 276
github.com/lovung/decimal/num/decimal.go:1006.30,1008.3 1 138
github.com/lovung/decimal/num/decimal.go:1008.8,1010.3 1 138
github.com/lovung/decimal/num/decimal.go:1016.54,1023.2 3 207
github.com/lovung/decimal/num/decimal.go:1026.59,1033.47 4 207
github.com/lovung/decimal/num/decimal.go:1038.2,1039.8 2 207
github.com/lovung/decimal/num/decimal.go:1033.47,1035.3 1 0
github.com/lovung/decimal/num/decimal.go:1043.49,1045.27 1 10
github.com/lovung/decimal/num/decimal.go:1047.15,1049.13 2 1
github.com/lovung/decimal/num/decimal.go:1051.15,1054.13 2 2
github.com/lovung/decimal/num/decimal.go:1056.13,1060.13 2 2
github.com/lovung/decimal/num/decimal.go:1062.10,1065.17 2 5
github.com/lovung/decimal/num/decimal.go:1068.3,1069.13 2 4
github.com/lovung/decimal/num/decimal.go:1065.17,1067.4 1 1
github.com/lovung/decimal/num/decimal.go:1074.48,1076.2 1 2
github.com/lovung/decimal/num/decimal.go:1080.52,1085.16 4 71
github.com/lovung/decimal/num/decimal.go:1089.2,1089.12 1 69
github.com/lovung/decimal/num/decimal.go:1085.16,1087.3 1 2
github.com/lovung/decimal/num/decimal.go:1094.57,1096.2 1 69
github.com/lovung/decimal/num/decimal.go:1099.46,1101.2 1 138
github.com/lovung/decimal/num/decimal.go:1104.48,1106.2 1 138
github.com/lovung/decimal/num/decimal.go:1110.49,1112.2 1 20
github.com/lovung/decimal/num/decimal.go:1114.56,1115.16 1 1105
github.com/lovung/decimal/num/decimal.go:1119.2,1127.25 5 566
github.com/lovung/decimal/num/decimal.go:1137.2,1137.23 1 566
github.com/lovung/decimal/num/decimal.go:1147.2,1148.29 2 566
github.com/lovung/decimal/num/decimal.go:1152.2,1152.24 1 566
github.com/lovung/decimal/num/decimal.go:1156.2,1156.15 1 312
github.com/lovung/decimal/num/decimal.go:1115.16,1117.3 1 539
github.com/lovung/decimal/num/decimal.go:1127.25,1130.3 2 161
github.com/lovung/decimal/num/decimal.go:1130.8,1135.3 3 405
github.com/lovung/decimal/num/decimal.go:1137.23,1139.21 2 496
github.com/lovung/decimal/num/decimal.go:1144.3,1144.40 1 496
github.com/lovung/decimal/num/decimal.go:1139.21,1140.32 1 640
github.com/lovung/decimal/num/decimal.go:1140.32,1141.10 1 468
github.com/lovung/decimal/num/decimal.go:1148.29,1150.3 1 538
github.com/lovung/decimal/num/decimal.go:1152.24,1154.3 1 254
github.com/lovung/decimal/num/decimal.go:1159.39,1160.20 1 55460252
github.com/lovung/decimal/num/decimal.go:1160.20,1162.3 1 25
github.com/lovung/decimal/num/decimal.go:1172.50,1174.28 2 6
github.com/lovung/decimal/num/decimal.go:1179.2,1179.12 1 6
github.com/lovung/decimal/num/decimal.go:1174.28,1175.24 1 6
github.com/lovung/decimal/num/decimal.go:1175.24,1177.4 1 3
github.com/lovung/decimal/num/decimal.go:1189.50,1191.28 2 7
github.com/lovung/decimal/num/decimal.go:1196.2,1196.12 1 7
github.com/lovung/decimal/num/decimal.go:1191.28,1192.24 1 6
github.com/lovung/decimal/num/decimal.go:1192.24,1194.4 1 4
github.com/lovung/decimal/num/decimal.go:1200.50,1202.28 2 2
github.com/lovung/decimal/num/decimal.go:1206.2,1206.14 1 2
github.com/lovung/decimal/num/decimal.go:1202.28,1204.3 1 18
github.com/lovung/decimal/num/decimal.go:1210.50,1214.2 3 1
github.com/lovung/decimal/num/decimal.go:1217.61,1221.22 3 4306172
github.com/lovung/decimal/num/decimal.go:1225.2,1226.25 2 3611859
github.com/lovung/decimal/num/decimal.go:1229.2,1229.34 1 2257330
github.com/lovung/decimal/num/decimal.go:1221.22,1223.3 1 694313
github.com/lovung/decimal/num/decimal.go:1226.25,1228.3 1 1354529
github.com/lovung/decimal/num/decimal.go:1232.28,1233.12 1 3611859
github.com/lovung/decimal/num/decimal.go:1236.2,1236.10 1 2257330
github.com/lovung/decimal/num/decimal.go:1233.12,1235.3 1 1354529
github.com/lovung/decimal/num/decimal.go:1239.57,1242.27 2 147
github.com/lovung/decimal/num/decimal.go:1253.2,1253.69 1 146
github.com/lovung/decimal/num/decimal.go:1256.2,1256.27 1 146
github.com/lovung/decimal/num/decimal.go:1243.14,1244.20 1 2
github.com/lovung/decimal/num/decimal.go:1245.14,1246.12 1 144
github.com/lovung/decimal/num/decimal.go:1247.10,1249.17 1 1
github.com/lovung/decimal/num/decimal.go:1253.69,1255.3 1 140
github.com/lovung/decimal/num/decimal.go:1267.53,1268.18 1 5
github.com/lovung/decimal/num/decimal.go:1272.2,1273.30 2 4
github.com/lovung/decimal/num/decimal.go:1268.18,1271.3 2 1
github.com/lovung/decimal/num/decimal.go:1277.52,1278.14 1 2
github.com/lovung/decimal/num/decimal.go:1281.2,1281.26 1 1
github.com/lovung/decimal/num/decimal.go:1278.14,1280.3 1 1
github.com/lovung/decimal/num/decimal.go:1285.64,1286.36 1 72
github.com/lovung/decimal/num/decimal.go:1290.2,1291.46 2 71
github.com/lovung/decimal/num/decimal.go:1286.36,1289.3 2 1
github.com/lovung/decimal/num/decimal.go:1295.52,1296.14 1 140
github.com/lovung/decimal/num/decimal.go:1299.2,1299.32 1 138
github.com/lovung/decimal/num/decimal.go:1296.14,1298.3 1 2
github.com/lovung/decimal/num/decimal.go:1305.33,1306.39 1 9
github.com/lovung/decimal/num/decimal.go:1309.2,1309.45 1 8
github.com/lovung/decimal/num/decimal.go:1312.2,1312.30 1 3
github.com/lovung/decimal/num/decimal.go:1306.39,1308.3 1 1
github.com/lovung/decimal/num/decimal.go:1309.45,1311.3 1 5
github.com/lovung/decimal/num/decimal.go:1315.34,1332.2 16 8
github.com/lovung/decimal/num/decimal.go:1336.34,1341.50 4 8
github.com/lovung/decimal/num/decimal.go:1344.2,1344.29 1 6
github.com/lovung/decimal/num/decimal.go:1347.2,1347.169 1 2
github.com/lovung/decimal/num/decimal.go:1341.50,1343.3 1 2
github.com/lovung/decimal/num/decimal.go:1344.29,1346.3 1 4
github.com/lovung/decimal/num/decimal.go:1361.32,1367.39 5 9
github.com/lovung/decimal/num/decimal.go:1371.2,1372.42 2 8
github.com/lovung/decimal/num/decimal.go:1377.2,1381.14 3 8
github.com/lovung/decimal/num/decimal.go:1385.2,1387.11 2 8
github.com/lovung/decimal/num/decimal.go:1391.2,1394.22 3 8
github.com/lovung/decimal/num/decimal.go:1400.2,1400.10 1 8
github.com/lovung/decimal/num/decimal.go:1403.2,1403.10 1 8
github.com/lovung/decimal/num/decimal.go:1367.39,1369.3 1 1
github.com/lovung/decimal/num/decimal.go:1372.42,1375.3 2 3
github.com/lovung/decimal/num/decimal.go:1381.14,1384.3 2 3
github.com/lovung/decimal/num/decimal.go:1387.11,1390.3 2 4
github.com/lovung/decimal/num/decimal.go:1394.22,1397.3 2 3
github.com/lovung/decimal/num/decimal.go:1397.8,1399.3 1 5
github.com/lovung/decimal/num/decimal.go:1400.10,1402.3 1 5
github.com/lovung/decimal/num/decimal.go:1417.32,1426.42 6 9
github.com/lovung/decimal/num/decimal.go:1430.2,1434.14 3 9
github.com/lovung/decimal/num/decimal.go:1438.2,1440.11 2 9
github.com/lovung/decimal/num/decimal.go:1444.2,1444.11 1 9
github.com/lovung/decimal/num/decimal.go:1448.2,1451.22 3 9
github.com/lovung/decimal/num/decimal.go:1457.2,1457.10 1 9
github.com/lovung/decimal/num/decimal.go:1460.2,1460.10 1 9
github.com/lovung/decimal/num/decimal.go:1426.42,1428.3 1 3
github.com/lovung/decimal/num/decimal.go:1434.14,1437.3 2 3
github.com/lovung/decimal/num/decimal.go:1440.11,1443.3 2 4
github.com/lovung/decimal/num/decimal.go:1444.11,1446.3 1 3
github.com/lovung/decimal/num/decimal.go:1451.22,1453.3 1 3
github.com/lovung/decimal/num/decimal.go:1453.8,1456.3 2 6
github.com/lovung/decimal/num/decimal.go:1457.10,1459.3 1 5
github.com/lovung/decimal/num/decimal.go:1477.32,1484.39 5 9
github.com/lovung/decimal/num/decimal.go:1489.2,1490.42 2 8
github.com/lovung/decimal/num/decimal.go:1495.2,1499.14 3 8
github.com/lovung/decimal/num/decimal.go:1504.2,1507.48 3 8
github.com/lovung/decimal/num/decimal.go:1514.2,1514.14 1 8
github.com/lovung/decimal/num/decimal.go:1517.2,1517.10 1 8
github.com/lovung/decimal/num/decimal.go:1520.2,1520.10 1 8
github.com/lovung/decimal/num/decimal.go:1484.39,1486.3 1 1
github.com/lovung/decimal/num/decimal.go:1490.42,1493.3 2 3
github.com/lovung/decimal/num/decimal.go:1499.14,1502.3 2 3
github.com/lovung/decimal/num/decimal.go:1507.48,1511.3 3 8
github.com/lovung/decimal/num/decimal.go:1511.8,1513.3 1 0
github.com/lovung/decimal/num/decimal.go:1514.14,1516.3 1 3
github.com/lovung/decimal/num/decimal.go:1517.10,1519.3 1 3
github.com/lovung/decimal/num/decimal_internal.go:11.35,13.14 2 0
github.com/lovung/decimal/num/decimal_internal.go:16.2,16.14 1 0
github.com/lovung/decimal/num/decimal_internal.go:20.2,22.9 3 0
github.com/lovung/decimal/num/decimal_internal.go:47.2,47.25 1 0
github.com/lovung/decimal/num/decimal_internal.go:13.14,15.3 1 0
github.com/lovung/decimal/num/decimal_internal.go:16.14,18.3 1 0
github.com/lovung/decimal/num/decimal_internal.go:23.17,24.13 1 0
github.com/lovung/decimal/num/decimal_internal.go:26.17,33.34 6 0
github.com/lovung/decimal/num/decimal_internal.go:35.19,40.37 4 0
github.com/lovung/decimal/num/decimal_internal.go:42.10,45.39 2 0
github.com/lovung/decimal/num/decimal_internal.go:50.32,51.21 1 0
github.com/lovung/decimal/num/decimal_internal.go:54.2,54.17 1 0
github.com/lovung/decimal/num/decimal_internal.go:51.21,53.3 1 0
github.com/lovung/decimal/num/decimal_internal.go:60.23,61.37 1 11767
github.com/lovung/decimal/num/decimal_internal.go:64.2,64.15 1 11767
github.com/lovung/decimal/num/decimal_internal.go:61.37,63.3 1 789
github.com/lovung/decimal/num/decimal_internal.go:64.15,66.3 1 0
github.com/lovung/decimal/num/decimal_internal.go:70.36,75.12 3 2253
github.com/lovung/decimal/num/decimal_internal.go:84.2,85.23 2 2253
github.com/lovung/decimal/num/decimal_internal.go:89.2,90.9 2 2253
github.com/lovung/decimal/num/decimal_internal.go:75.12,81.3 5 34304
github.com/lovung/decimal/num/decimal_internal.go:85.23,88.3 2 34304
github.com/lovung/decimal/num/decimal_internal.go:99.37,105.23 4 2081
github.com/lovung/decimal/num/decimal_internal.go:121.2,126.22 3 2081
github.com/lovung/decimal/num/decimal_internal.go:136.2,136.12 1 2081
github.com/lovung/decimal/num/decimal_internal.go:148.2,149.9 2 2081
github.com/lovung/decimal/num/decimal_internal.go:105.23,106.16 1 33565
github.com/lovung/decimal/num/decimal_internal.go:118.3,119.21 2 32797
github.com/lovung/decimal/num/decimal_internal.go:106.16,107.14 1 768
github.com/lovung/decimal/num/decimal_internal.go:112.4,112.18 1 768
github.com/lovung/decimal/num/decimal_internal.go:116.4,116.9 1 768
github.com/lovung/decimal/num/decimal_internal.go:107.14,111.5 2 0
github.com/lovung/decimal/num/decimal_internal.go:112.18,115.5 2 1490
github.com/lovung/decimal/num/decimal_internal.go:126.22,133.3 6 168547
github.com/lovung/decimal/num/decimal_internal.go:136.12,139.19 3 99913
github.com/lovung/decimal/num/decimal_internal.go:145.3,145.13 1 99913
github.com/lovung/decimal/num/decimal_internal.go:139.19,142.4 2 99913
github.com/lovung/decimal/num/decimal_internal.go:142.9,142.21 1 0
github.com/lovung/decimal/num/decimal_internal.go:142.21,144.4 1 0
github.com/lovung/decimal/num/decimal_internal.go:245.48,246.30 1 7072
github.com/lovung/decimal/num/decimal_internal.go:254.2,254.14 1 0
github.com/lovung/decimal/num/decimal_internal.go:246.30,247.18 1 8463
github.com/lovung/decimal/num/decimal_internal.go:250.3,250.19 1 8454
github.com/lovung/decimal/num/decimal_internal.go:247.18,249.4 1 9
github.com/lovung/decimal/num/decimal_internal.go:250.19,252.4 1 7063
github.com/lovung/decimal/num/decimal_internal.go:258.36,260.57 2 7072
github.com/lovung/decimal/num/decimal_internal.go:264.2,269.23 4 7072
github.com/lovung/decimal/num/decimal_internal.go:283.2,283.12 1 7072
github.com/lovung/decimal/num/decimal_internal.go:295.2,296.22 2 7072
github.com/lovung/decimal/num/decimal_internal.go:299.2,300.9 2 7072
github.com/lovung/decimal/num/decimal_internal.go:260.57,262.3 1 6250
github.com/lovung/decimal/num/decimal_internal.go:269.23,274.19 5 985961
github.com/lovung/decimal/num/decimal_internal.go:279.3,279.10 1 985961
github.com/lovung/decimal/num/decimal_internal.go:274.19,276.4 1 985961
github.com/lovung/decimal/num/decimal_internal.go:276.9,276.22 1 0
github.com/lovung/decimal/num/decimal_internal.go:276.22,278.4 1 0
github.com/lovung/decimal/num/decimal_internal.go:283.12,287.19 4 118439
github.com/lovung/decimal/num/decimal_internal.go:292.3,292.10 1 118439
github.com/lovung/decimal/num/decimal_internal.go:287.19,289.4 1 118439
github.com/lovung/decimal/num/decimal_internal.go:289.9,289.22 1 0
github.com/lovung/decimal/num/decimal_internal.go:289.22,291.4 1 0
github.com/lovung/decimal/num/decimal_internal.go:296.22,298.3 1 0
github.com/lovung/decimal/num/decimal_internal.go:304.32,305.9 1 2253
github.com/lovung/decimal/num/decimal_internal.go:306.17,306.17 0 0
github.com/lovung/decimal/num/decimal_internal.go:308.13,309.20 1 937
github.com/lovung/decimal/num/decimal_internal.go:313.3,313.24 1 937
github.com/lovung/decimal/num/decimal_internal.go:314.13,315.21 1 1316
github.com/lovung/decimal/num/decimal_internal.go:319.3,319.26 1 1316
github.com/lovung/decimal/num/decimal_internal.go:309.20,312.4 2 6135
github.com/lovung/decimal/num/decimal_internal.go:315.21,318.4 2 765
github.com/lovung/decimal/num/decimal_internal.go:324.45,325.26 1 245
github.com/lovung/decimal/num/decimal_internal.go:328.2,328.36 1 245
github.com/lovung/decimal/num/decimal_internal.go:336.2,336.23 1 245
github.com/lovung/decimal/num/decimal_internal.go:325.26,327.3 1 0
github.com/lovung/decimal/num/decimal_internal.go:328.36,330.14 1 0
github.com/lovung/decimal/num/decimal_internal.go:333.3,333.42 1 0
github.com/lovung/decimal/num/decimal_internal.go:330.14,332.4 1 0
github.com/lovung/decimal/num/decimal_internal.go:343.33,344.26 1 245
github.com/lovung/decimal/num/decimal_internal.go:347.2,347.26 1 245
github.com/lovung/decimal/num/decimal_internal.go:344.26,346.3 1 0
github.com/lovung/decimal/num/decimal_internal.go:347.26,349.3 1 131
github.com/lovung/decimal/num/decimal_internal.go:349.8,351.3 1 114
github.com/lovung/decimal/num/decimal_internal.go:355.37,356.26 1 361
github.com/lovung/decimal/num/decimal_internal.go:359.2,360.9 2 361
github.com/lovung/decimal/num/decimal_internal.go:356.26,358.3 1 0
github.com/lovung/decimal/num/decimal_internal.go:364.35,365.26 1 339
github.com/lovung/decimal/num/decimal_internal.go:370.2,370.31 1 339
github.com/lovung/decimal/num/decimal_internal.go:381.2,383.8 3 17
github.com/lovung/decimal/num/decimal_internal.go:365.26,367.3 1 0
github.com/lovung/decimal/num/decimal_internal.go:370.31,372.14 2 322
github.com/lovung/decimal/num/decimal_internal.go:372.14,376.4 3 322
github.com/lovung/decimal/num/decimal_internal.go:388.43,389.15 1 0
github.com/lovung/decimal/num/decimal_internal.go:392.2,394.39 3 0
github.com/lovung/decimal/num/decimal_internal.go:397.2,397.22 1 0
github.com/lovung/decimal/num/decimal_internal.go:400.2,400.28 1 0
github.com/lovung/decimal/num/decimal_internal.go:403.2,403.10 1 0
github.com/lovung/decimal/num/decimal_internal.go:389.15,391.3 1 0
github.com/lovung/decimal/num/decimal_internal.go:394.39,396.3 1 0
github.com/lovung/decimal/num/decimal_internal.go:397.22,399.3 1 0
github.com/lovung/decimal/num/decimal_internal.go:400.28,402.3 1 0
github.com/lovung/decimal/num/decimal_round.go:25.70,27.15 1 853
github.com/lovung/decimal/num/decimal_round.go:46.2,47.68 2 853
github.com/lovung/decimal/num/decimal_round.go:55.2,67.45 6 700
github.com/lovung/decimal/num/decimal_round.go:74.2,98.22 6 700
github.com/lovung/decimal/num/decimal_round.go:27.15,30.3 2 0
github.com/lovung/decimal/num/decimal_round.go:47.68,50.3 1 153
github.com/lovung/decimal/num/decimal_round.go:67.45,70.3 2 692
github.com/lovung/decimal/num/decimal_round.go:70.8,73.3 2 8
github.com/lovung/decimal/num/decimal_round.go:98.22,103.17 2 8647
github.com/lovung/decimal/num/decimal_round.go:106.3,108.31 3 8647
github.com/lovung/decimal/num/decimal_round.go:111.3,112.14 2 8647
github.com/lovung/decimal/num/decimal_round.go:115.3,116.20 2 8647
github.com/lovung/decimal/num/decimal_round.go:123.3,125.10 2 8647
github.com/lovung/decimal/num/decimal_round.go:144.3,148.10 2 8647
github.com/lovung/decimal/num/decimal_round.go:103.17,104.9 1 0
github.com/lovung/decimal/num/decimal_round.go:108.31,110.4 1 8614
github.com/lovung/decimal/num/decimal_round.go:112.14,114.4 1 8630
github.com/lovung/decimal/num/decimal_round.go:116.20,118.4 1 8631
github.com/lovung/decimal/num/decimal_round.go:126.35,130.18 1 73
github.com/lovung/decimal/num/decimal_round.go:131.34,135.18 1 380
github.com/lovung/decimal/num/decimal_round.go:136.50,140.18 1 16
github.com/lovung/decimal/num/decimal_round.go:149.23,151.10 2 245
github.com/lovung/decimal/num/decimal_round.go:152.15,154.10 2 247
github.com/lovung/decimal/num/decimal_round.go:155.13,157.10 2 208
github.com/lovung/decimal/num/fraction.go:17.12,22.2 1 0
github.com/lovung/decimal/num/fraction.go:24.49,34.2 5 2
github.com/lovung/decimal/num/fraction.go:36.53,38.16 2 1
github.com/lovung/decimal/num/fraction.go:41.2,41.39 1 1
github.com/lovung/decimal/num/fraction.go:38.16,40.3 1 0
github.com/lovung/decimal/num/fraction.go:44.48,46.16 2 1
github.com/lovung/decimal/num/fraction.go:50.2,50.34 1 1
github.com/lovung/decimal/num/fraction.go:46.16,47.13 1 0
github.com/lovung/decimal/num/fraction.go:53.37,57.2 3 0
github.com/lovung/decimal/num/fraction.go:64.37,69.2 4 3
github.com/lovung/decimal/num/fraction.go:72.46,76.2 2 0
github.com/lovung/decimal/num/fraction.go:79.44,84.2 3 0
github.com/lovung/decimal/num/fraction.go:87.44,92.2 3 0
github.com/lovung/decimal/num/fraction.go:94.38,99.2 1 0
